<?xml version="1.0" encoding="UTF-8"?>
<!-- Generated by org.testng.reporters.JUnitReportReporter -->
<testsuite hostname="DESKTOP-KOIOC1R" failures="0" tests="1" name="TestNg.Testcase2" time="65.829" errors="0" timestamp="10 Nov 2018 21:48:34 GMT" skipped="0">
  <testcase classname="TestNg.Testcase2" name="verifylogin" time="65.829"/>
</testsuite> <!-- TestNg.Testcase2 -->
