<?xml version="1.0" encoding="UTF-8"?>
<!-- Generated by org.testng.reporters.JUnitReportReporter -->
<testsuite hostname="DESKTOP-KOIOC1R" failures="0" tests="1" name="TestNg.Testcase1" time="67.245" errors="0" timestamp="10 Nov 2018 21:48:34 GMT" skipped="0">
  <testcase classname="TestNg.Testcase1" name="verifywebiste" time="67.245"/>
</testsuite> <!-- TestNg.Testcase1 -->
